 
****************************************
Report : area
Design : Question_5_2
Version: L-2016.03
Date   : Sat Feb 24 23:31:38 2018
****************************************

Information: Updating design information... (UID-85)
Warning: Design 'Question_5_2' contains 1 high-fanout nets. A fanout number of 1000 will be used for delay calculations involving these nets. (TIM-134)
Library(s) Used:

    saed32hvt_ss0p95v125c (File: /usr/local/synopsys/SAED32_EDK/lib/stdcell_hvt/db_nldm/saed32hvt_ss0p95v125c.db)
    saed32rvt_ss0p95v125c (File: /usr/local/synopsys/SAED32_EDK/lib/stdcell_rvt/db_nldm/saed32rvt_ss0p95v125c.db)
    saed32lvt_ss0p95v125c (File: /usr/local/synopsys/SAED32_EDK/lib/stdcell_lvt/db_nldm/saed32lvt_ss0p95v125c.db)

Number of ports:                         1418
Number of nets:                          5533
Number of cells:                         4818
Number of combinational cells:           2388
Number of sequential cells:              2430
Number of macros/black boxes:               0
Number of buf/inv:                        243
Number of references:                      33

Combinational area:               5793.212556
Buf/Inv area:                      419.845898
Noncombinational area:           17291.958060
Macro/Black Box area:                0.000000
Net Interconnect area:            8343.783941

Total cell area:                 23085.170616
Total area:                      31428.954557
1
