 
****************************************
Report : power
        -analysis_effort low
Design : CEN598_HW2
Version: L-2016.03
Date   : Sat Feb 24 20:45:58 2018
****************************************


Library(s) Used:

    saed32hvt_ss0p7v125c (File: /usr/local/synopsys/SAED32_EDK/lib/stdcell_hvt/db_nldm/saed32hvt_ss0p7v125c.db)
    saed32rvt_ss0p7v125c (File: /usr/local/synopsys/SAED32_EDK/lib/stdcell_rvt/db_nldm/saed32rvt_ss0p7v125c.db)
    saed32lvt_ss0p7v125c (File: /usr/local/synopsys/SAED32_EDK/lib/stdcell_lvt/db_nldm/saed32lvt_ss0p7v125c.db)


Operating Conditions: ss0p7v125c   Library: saed32rvt_ss0p7v125c
Wire Load Model Mode: enclosed

Design        Wire Load Model            Library
------------------------------------------------
CEN598_HW2             1000000           saed32rvt_ss0p7v125c
Interleaved_MAC_PE     70000             saed32rvt_ss0p7v125c
Interleaved_MAC_PE1    70000             saed32rvt_ss0p7v125c
Interleaved_MAC_PE10   70000             saed32rvt_ss0p7v125c
Interleaved_MAC_PE11   70000             saed32rvt_ss0p7v125c
Interleaved_MAC_PE12   70000             saed32rvt_ss0p7v125c
Interleaved_MAC_PE13   70000             saed32rvt_ss0p7v125c
Interleaved_MAC_PE14   70000             saed32rvt_ss0p7v125c
Interleaved_MAC_PE15   70000             saed32rvt_ss0p7v125c
Interleaved_MAC_PE2    70000             saed32rvt_ss0p7v125c
Interleaved_MAC_PE3    70000             saed32rvt_ss0p7v125c
Interleaved_MAC_PE4    70000             saed32rvt_ss0p7v125c
Interleaved_MAC_PE5    70000             saed32rvt_ss0p7v125c
Interleaved_MAC_PE6    70000             saed32rvt_ss0p7v125c
Interleaved_MAC_PE7    70000             saed32rvt_ss0p7v125c
Interleaved_MAC_PE8    70000             saed32rvt_ss0p7v125c
Interleaved_MAC_PE9    70000             saed32rvt_ss0p7v125c
Interleaved_MAC_PE_MAC_PE
                       70000             saed32rvt_ss0p7v125c
Interleaved_MAC_PE1_MAC_PE
                       70000             saed32rvt_ss0p7v125c
Interleaved_MAC_PE10_MAC_PE
                       70000             saed32rvt_ss0p7v125c
Interleaved_MAC_PE11_MAC_PE
                       70000             saed32rvt_ss0p7v125c
Interleaved_MAC_PE12_MAC_PE
                       70000             saed32rvt_ss0p7v125c
Interleaved_MAC_PE13_MAC_PE
                       70000             saed32rvt_ss0p7v125c
Interleaved_MAC_PE14_MAC_PE
                       70000             saed32rvt_ss0p7v125c
Interleaved_MAC_PE15_MAC_PE
                       70000             saed32rvt_ss0p7v125c
Interleaved_MAC_PE2_MAC_PE
                       70000             saed32rvt_ss0p7v125c
Interleaved_MAC_PE3_MAC_PE
                       70000             saed32rvt_ss0p7v125c
Interleaved_MAC_PE4_MAC_PE
                       70000             saed32rvt_ss0p7v125c
Interleaved_MAC_PE5_MAC_PE
                       70000             saed32rvt_ss0p7v125c
Interleaved_MAC_PE6_MAC_PE
                       70000             saed32rvt_ss0p7v125c
Interleaved_MAC_PE7_MAC_PE
                       70000             saed32rvt_ss0p7v125c
Interleaved_MAC_PE8_MAC_PE
                       70000             saed32rvt_ss0p7v125c
Interleaved_MAC_PE9_MAC_PE
                       70000             saed32rvt_ss0p7v125c
Interleaved_MAC_PE_MAC_PE_FP_Add
                       16000             saed32rvt_ss0p7v125c
Interleaved_MAC_PE1_MAC_PE_FP_Add
                       16000             saed32rvt_ss0p7v125c
Interleaved_MAC_PE10_MAC_PE_FP_Add
                       16000             saed32rvt_ss0p7v125c
Interleaved_MAC_PE11_MAC_PE_FP_Add
                       16000             saed32rvt_ss0p7v125c
Interleaved_MAC_PE12_MAC_PE_FP_Add
                       16000             saed32rvt_ss0p7v125c
Interleaved_MAC_PE13_MAC_PE_FP_Add
                       16000             saed32rvt_ss0p7v125c
Interleaved_MAC_PE14_MAC_PE_FP_Add
                       16000             saed32rvt_ss0p7v125c
Interleaved_MAC_PE15_MAC_PE_FP_Add
                       16000             saed32rvt_ss0p7v125c
Interleaved_MAC_PE2_MAC_PE_FP_Add
                       16000             saed32rvt_ss0p7v125c
Interleaved_MAC_PE3_MAC_PE_FP_Add
                       16000             saed32rvt_ss0p7v125c
Interleaved_MAC_PE4_MAC_PE_FP_Add
                       16000             saed32rvt_ss0p7v125c
Interleaved_MAC_PE5_MAC_PE_FP_Add
                       16000             saed32rvt_ss0p7v125c
Interleaved_MAC_PE6_MAC_PE_FP_Add
                       16000             saed32rvt_ss0p7v125c
Interleaved_MAC_PE7_MAC_PE_FP_Add
                       16000             saed32rvt_ss0p7v125c
Interleaved_MAC_PE8_MAC_PE_FP_Add
                       16000             saed32rvt_ss0p7v125c
Interleaved_MAC_PE9_MAC_PE_FP_Add
                       16000             saed32rvt_ss0p7v125c


Global Operating Voltage = 0.7  
Power-specific unit information :
    Voltage Units = 1V
    Capacitance Units = 1.000000ff
    Time Units = 1ns
    Dynamic Power Units = 1uW    (derived from V,C,T units)
    Leakage Power Units = 1pW


  Cell Internal Power  =  35.7537 mW   (91%)
  Net Switching Power  =   3.6744 mW    (9%)
                         ---------
Total Dynamic Power    =  39.4281 mW  (100%)

Cell Leakage Power     =  26.3194 mW


                 Internal         Switching           Leakage            Total
Power Group      Power            Power               Power              Power   (   %    )  Attrs
--------------------------------------------------------------------------------------------------
io_pad             0.0000            0.0000            0.0000            0.0000  (   0.00%)
memory             0.0000            0.0000            0.0000            0.0000  (   0.00%)
black_box          0.0000            0.0000            0.0000            0.0000  (   0.00%)
clock_network      0.0000            0.0000            0.0000            0.0000  (   0.00%)
register       2.6411e+04          345.0350        4.8915e+09        3.1646e+04  (  48.13%)
sequential         0.0000            0.0000            0.0000            0.0000  (   0.00%)
combinational  9.3434e+03        3.3292e+03        2.1428e+10        3.4100e+04  (  51.87%)
--------------------------------------------------------------------------------------------------
Total          3.5754e+04 uW     3.6742e+03 uW     2.6319e+10 pW     6.5746e+04 uW
1
