 
****************************************
Report : timing
        -path full
        -delay max
        -max_paths 1
Design : CEN598_HW2
Version: L-2016.03
Date   : Sat Feb 24 18:47:37 2018
****************************************

 # A fanout number of 1000 was used for high fanout net computations.

Operating Conditions: ss0p95v125c   Library: saed32rvt_ss0p95v125c
Wire Load Model Mode: enclosed

  Startpoint: myInterleaved_MAC_PE5/myMAC_PE/myFP_Mult/Delay_syn_block/GenBlock.theDelay/outreg_reg[19]
              (rising edge-triggered flip-flop clocked by clk)
  Endpoint: myInterleaved_MAC_PE5/myMAC_PE/myFP_Mult/Delay5_block/GenBlock.theDelay/outreg_reg[94]
            (rising edge-triggered flip-flop clocked by clk)
  Path Group: clk
  Path Type: max

  Des/Clust/Port     Wire Load Model       Library
  ------------------------------------------------
  CEN598_HW2         1000000               saed32rvt_ss0p95v125c
  Interleaved_MAC_PE5
                     70000                 saed32rvt_ss0p95v125c

  Point                                                   Incr       Path
  --------------------------------------------------------------------------
  clock clk (rise edge)                                   0.00       0.00
  clock network delay (ideal)                             0.00       0.00
  myInterleaved_MAC_PE5/myMAC_PE/myFP_Mult/Delay_syn_block/GenBlock.theDelay/outreg_reg[19]/CLK (DFFARX1_HVT)
                                                          0.00 #     0.00 r
  myInterleaved_MAC_PE5/myMAC_PE/myFP_Mult/Delay_syn_block/GenBlock.theDelay/outreg_reg[19]/Q (DFFARX1_HVT)
                                                          0.26       0.26 r
  myInterleaved_MAC_PE5/U306/Y (XOR2X1_HVT)               0.20       0.46 f
  myInterleaved_MAC_PE5/U57/Y (INVX1_HVT)                 0.06       0.52 r
  myInterleaved_MAC_PE5/U152/Y (NAND2X2_HVT)              0.16       0.68 f
  myInterleaved_MAC_PE5/U123/Y (NBUFFX4_HVT)              0.13       0.81 f
  myInterleaved_MAC_PE5/U4845/Y (OAI22X1_HVT)             0.13       0.94 r
  myInterleaved_MAC_PE5/U5011/CO (FADDX1_HVT)             0.14       1.08 r
  myInterleaved_MAC_PE5/U4902/CO (FADDX1_HVT)             0.16       1.24 r
  myInterleaved_MAC_PE5/U5002/CO (FADDX1_HVT)             0.15       1.39 r
  myInterleaved_MAC_PE5/U5000/S (FADDX1_HVT)              0.22       1.61 f
  myInterleaved_MAC_PE5/U5122/S (FADDX1_HVT)              0.21       1.82 r
  myInterleaved_MAC_PE5/U338/Y (XOR3X1_HVT)               0.27       2.09 f
  myInterleaved_MAC_PE5/U5134/S (FADDX1_HVT)              0.20       2.30 r
  myInterleaved_MAC_PE5/U353/Y (OR2X1_HVT)                0.09       2.38 r
  myInterleaved_MAC_PE5/U45/Y (INVX1_HVT)                 0.03       2.42 f
  myInterleaved_MAC_PE5/U5133/Y (NOR2X0_HVT)              0.10       2.52 r
  myInterleaved_MAC_PE5/U5143/Y (NAND2X0_HVT)             0.06       2.58 f
  myInterleaved_MAC_PE5/U433/Y (OA21X1_HVT)               0.15       2.73 f
  myInterleaved_MAC_PE5/U27/Y (INVX1_HVT)                 0.05       2.78 r
  myInterleaved_MAC_PE5/U5157/Y (NAND2X0_HVT)             0.05       2.83 f
  myInterleaved_MAC_PE5/U36/Y (NAND2X0_RVT)               0.05       2.87 r
  myInterleaved_MAC_PE5/U151/Y (AO21X1_LVT)               0.05       2.92 r
  myInterleaved_MAC_PE5/U28/Y (NBUFFX8_HVT)               0.09       3.01 r
  myInterleaved_MAC_PE5/U5746/Y (AOI21X1_HVT)             0.14       3.15 f
  myInterleaved_MAC_PE5/U7/Y (XOR2X1_HVT)                 0.15       3.29 r
  myInterleaved_MAC_PE5/U5758/Y (MUX21X1_HVT)             0.13       3.42 r
  myInterleaved_MAC_PE5/myMAC_PE/myFP_Mult/Delay5_block/GenBlock.theDelay/outreg_reg[94]/D (DFFARX1_HVT)
                                                          0.00       3.42 r
  data arrival time                                                  3.42

  clock clk (rise edge)                                   3.52       3.52
  clock network delay (ideal)                             0.00       3.52
  myInterleaved_MAC_PE5/myMAC_PE/myFP_Mult/Delay5_block/GenBlock.theDelay/outreg_reg[94]/CLK (DFFARX1_HVT)
                                                          0.00       3.52 r
  library setup time                                     -0.10       3.42
  data required time                                                 3.42
  --------------------------------------------------------------------------
  data required time                                                 3.42
  data arrival time                                                 -3.42
  --------------------------------------------------------------------------
  slack (MET)                                                        0.00


1
